<?xml version="1.0" encoding="UTF-8"?>
<!-- Generated by org.testng.reporters.JUnitReportReporter -->
<testsuite hostname="DESKTOP-DL0HI7B" failures="0" tests="1" name="com.college.collegebagtestng.collegebag" time="18.490" errors="0" timestamp="20 May 2022 16:09:45 GMT" skipped="0">
  <testcase classname="com.college.collegebagtestng.collegebag" name="collegebagtest" time="18.490"/>
</testsuite> <!-- com.college.collegebagtestng.collegebag -->
